<?xml version="1.0" encoding="UTF-8"?>
<testng-results ignored="0" total="1" passed="1" failed="0" skipped="0">
  <reporter-output>
  </reporter-output>
  <suite started-at="2024-07-26T14:38:07 IST" name="Default suite" finished-at="2024-07-26T14:38:10 IST" duration-ms="2556">
    <groups>
    </groups>
    <test started-at="2024-07-26T14:38:07 IST" name="Default test" finished-at="2024-07-26T14:38:10 IST" duration-ms="2556">
      <class name="com.APITraining_Module_1.schemaValidation">
        <test-method signature="schemaJsonValidation()[pri:0, instance:com.APITraining_Module_1.schemaValidation@6cd28fa7]" started-at="2024-07-26T14:38:07 IST" name="schemaJsonValidation" finished-at="2024-07-26T14:38:10 IST" duration-ms="2521" status="PASS">
          <reporter-output>
          </reporter-output>
        </test-method> <!-- schemaJsonValidation -->
      </class> <!-- com.APITraining_Module_1.schemaValidation -->
    </test> <!-- Default test -->
  </suite> <!-- Default suite -->
</testng-results>
